<?xml version="1.0" encoding="UTF-8"?>
<!-- Generated by org.testng.reporters.JUnitReportReporter -->
<testsuite skipped="0" hostname="VIJAY-PC" name="Runner.GiftCardEndToEnd$GiftCard" tests="1" failures="0" timestamp="05 May 2020 10:19:48 GMT" time="43.749" errors="0">
  <testcase name="feature" time="43.749" classname="Runner.GiftCardEndToEnd$GiftCard"/>
</testsuite> <!-- Runner.GiftCardEndToEnd$GiftCard -->
