<?xml version="1.0" encoding="UTF-8"?>
<!-- Generated by org.testng.reporters.JUnitReportReporter -->
<testsuite skipped="0" hostname="VIJAY-PC" name="Runner.ddd$TestRunner" tests="1" failures="0" timestamp="01 May 2020 09:54:48 GMT" time="10.086" errors="0">
  <testcase name="feature" time="10.086" classname="Runner.ddd$TestRunner"/>
</testsuite> <!-- Runner.ddd$TestRunner -->
