<?xml version="1.0" encoding="UTF-8"?>
<!-- Generated by org.testng.reporters.JUnitReportReporter -->
<testsuite skipped="1" hostname="VIJAY-PC" name="Runner.Essentials$GiftCard" tests="1" failures="0" timestamp="02 May 2020 10:35:06 GMT" time="0.000" errors="0">
  <testcase name="feature" time="0.000" classname="Runner.Essentials$GiftCard">
    <skipped/>
  </testcase> <!-- feature -->
</testsuite> <!-- Runner.Essentials$GiftCard -->
