<?xml version="1.0" encoding="UTF-8"?>
<!-- Generated by org.testng.reporters.JUnitReportReporter -->
<testsuite skipped="0" hostname="VIJAY-PC" name="Runner.NextButton$TestRunner" tests="1" failures="0" timestamp="01 May 2020 12:37:57 GMT" time="8.139" errors="0">
  <testcase name="feature" time="8.139" classname="Runner.NextButton$TestRunner"/>
</testsuite> <!-- Runner.NextButton$TestRunner -->
