<?xml version="1.0" encoding="UTF-8"?>
<!-- Generated by org.testng.reporters.JUnitReportReporter -->
<testsuite skipped="0" hostname="VIJAY-PC" name="Runner.LoginRunner$TestRunner" tests="1" failures="0" timestamp="02 May 2020 16:41:01 GMT" time="12.301" errors="0">
  <testcase name="feature" time="12.301" classname="Runner.LoginRunner$TestRunner"/>
</testsuite> <!-- Runner.LoginRunner$TestRunner -->
