<?xml version="1.0" encoding="UTF-8"?>
<!-- Generated by org.testng.reporters.JUnitReportReporter -->
<testsuite skipped="0" hostname="VIJAY-PC" name="Runner.Login$Runner" tests="1" failures="0" timestamp="01 May 2020 10:05:58 GMT" time="15.791" errors="0">
  <testcase name="feature" time="15.791" classname="Runner.Login$Runner"/>
</testsuite> <!-- Runner.Login$Runner -->
