<?xml version="1.0" encoding="UTF-8"?>
<!-- Generated by org.testng.reporters.JUnitReportReporter -->
<testsuite skipped="0" hostname="VIJAY-PC" name="Runner.MyntraRunner$TestRunner" tests="1" failures="0" timestamp="01 May 2020 15:37:16 GMT" time="14.262" errors="0">
  <testcase name="feature" time="14.262" classname="Runner.MyntraRunner$TestRunner"/>
</testsuite> <!-- Runner.MyntraRunner$TestRunner -->
